\BOOKMARK [1][-]{section.1}{\376\377\000I\000n\000t\000r\000o\000d\000u\000c\000t\000i\000o\000n}{}% 1
\BOOKMARK [2][-]{subsection.1.1}{\376\377\000P\000u\000r\000p\000o\000s\000e}{section.1}% 2
\BOOKMARK [2][-]{subsection.1.2}{\376\377\000S\000c\000o\000p\000e}{section.1}% 3
\BOOKMARK [1][-]{section.2}{\376\377\000T\000e\000c\000h\000n\000o\000l\000o\000g\000y\000\040\000S\000t\000a\000c\000k}{}% 4
\BOOKMARK [1][-]{section.3}{\376\377\000P\000r\000o\000j\000e\000c\000t\000\040\000S\000t\000r\000u\000c\000t\000u\000r\000e}{}% 5
\BOOKMARK [1][-]{section.4}{\376\377\000D\000a\000t\000a\000\040\000M\000o\000d\000e\000l}{}% 6
\BOOKMARK [2][-]{subsection.4.1}{\376\377\000D\000a\000t\000a\000s\000e\000t\000\040\000S\000c\000h\000e\000m\000a}{section.4}% 7
\BOOKMARK [2][-]{subsection.4.2}{\376\377\000S\000u\000p\000p\000o\000r\000t\000e\000d\000\040\000G\000e\000n\000r\000e\000s}{section.4}% 8
\BOOKMARK [2][-]{subsection.4.3}{\376\377\000D\000a\000t\000a\000\040\000G\000e\000n\000e\000r\000a\000t\000i\000o\000n\000\040\000A\000l\000g\000o\000r\000i\000t\000h\000m}{section.4}% 9
\BOOKMARK [2][-]{subsection.4.4}{\376\377\000G\000e\000n\000r\000e\000-\000S\000p\000e\000c\000i\000f\000i\000c\000\040\000F\000e\000a\000t\000u\000r\000e\000\040\000D\000i\000s\000t\000r\000i\000b\000u\000t\000i\000o\000n\000s}{section.4}% 10
\BOOKMARK [1][-]{section.5}{\376\377\000D\000a\000s\000h\000b\000o\000a\000r\000d\000\040\000A\000r\000c\000h\000i\000t\000e\000c\000t\000u\000r\000e}{}% 11
\BOOKMARK [2][-]{subsection.5.1}{\376\377\000A\000p\000p\000l\000i\000c\000a\000t\000i\000o\000n\000\040\000F\000l\000o\000w}{section.5}% 12
\BOOKMARK [2][-]{subsection.5.2}{\376\377\000D\000a\000t\000a\000\040\000S\000o\000u\000r\000c\000e\000\040\000S\000e\000l\000e\000c\000t\000i\000o\000n}{section.5}% 13
\BOOKMARK [2][-]{subsection.5.3}{\376\377\000S\000i\000d\000e\000b\000a\000r\000\040\000C\000o\000n\000t\000r\000o\000l\000s}{section.5}% 14
\BOOKMARK [2][-]{subsection.5.4}{\376\377\000T\000a\000b\000\040\000L\000a\000y\000o\000u\000t\000\040\000a\000n\000d\000\040\000V\000i\000s\000u\000a\000l\000i\000z\000a\000t\000i\000o\000n\000s}{section.5}% 15
\BOOKMARK [3][-]{subsubsection.5.4.1}{\376\377\000T\000a\000b\000\040\0001\000:\000\040\000O\000v\000e\000r\000v\000i\000e\000w}{subsection.5.4}% 16
\BOOKMARK [3][-]{subsubsection.5.4.2}{\376\377\000T\000a\000b\000\040\0002\000:\000\040\000C\000o\000r\000r\000e\000l\000a\000t\000i\000o\000n\000s}{subsection.5.4}% 17
\BOOKMARK [3][-]{subsubsection.5.4.3}{\376\377\000T\000a\000b\000\040\0003\000:\000\040\000S\000c\000a\000t\000t\000e\000r\000\040\000E\000x\000p\000l\000o\000r\000e\000r}{subsection.5.4}% 18
\BOOKMARK [3][-]{subsubsection.5.4.4}{\376\377\000T\000a\000b\000\040\0004\000:\000\040\000G\000e\000n\000r\000e\000\040\000C\000o\000m\000p\000a\000r\000i\000s\000o\000n}{subsection.5.4}% 19
\BOOKMARK [3][-]{subsubsection.5.4.5}{\376\377\000T\000a\000b\000\040\0005\000:\000\040\000T\000r\000e\000n\000d\000s\000\040\000O\000v\000e\000r\000\040\000T\000i\000m\000e}{subsection.5.4}% 20
\BOOKMARK [3][-]{subsubsection.5.4.6}{\376\377\000T\000a\000b\000\040\0006\000:\000\040\000T\000o\000p\000\040\000T\000r\000a\000c\000k\000s}{subsection.5.4}% 21
\BOOKMARK [3][-]{subsubsection.5.4.7}{\376\377\000T\000a\000b\000\040\0007\000:\000\040\000C\000l\000u\000s\000t\000e\000r\000i\000n\000g}{subsection.5.4}% 22
\BOOKMARK [3][-]{subsubsection.5.4.8}{\376\377\000T\000a\000b\000\040\0008\000:\000\040\000P\000C\000A}{subsection.5.4}% 23
\BOOKMARK [3][-]{subsubsection.5.4.9}{\376\377\000T\000a\000b\000\040\0009\000:\000\040\000P\000r\000e\000d\000i\000c\000t\000i\000v\000e\000\040\000M\000o\000d\000e\000l\000i\000n\000g}{subsection.5.4}% 24
\BOOKMARK [1][-]{section.6}{\376\377\000K\000a\000g\000g\000l\000e\000\040\000I\000n\000t\000e\000g\000r\000a\000t\000i\000o\000n}{}% 25
\BOOKMARK [2][-]{subsection.6.1}{\376\377\000D\000a\000t\000a\000s\000e\000t\000\040\000D\000o\000w\000n\000l\000o\000a\000d\000\040\000v\000i\000a\000\040\000k\000a\000g\000g\000l\000e\000h\000u\000b}{section.6}% 26
\BOOKMARK [2][-]{subsection.6.2}{\376\377\000A\000u\000t\000o\000m\000a\000t\000i\000c\000\040\000C\000o\000l\000u\000m\000n\000\040\000M\000a\000p\000p\000i\000n\000g}{section.6}% 27
\BOOKMARK [2][-]{subsection.6.3}{\376\377\000D\000a\000t\000a\000\040\000N\000o\000r\000m\000a\000l\000i\000z\000a\000t\000i\000o\000n\000\040\000P\000i\000p\000e\000l\000i\000n\000e}{section.6}% 28
\BOOKMARK [2][-]{subsection.6.4}{\376\377\000G\000r\000a\000c\000e\000f\000u\000l\000\040\000D\000e\000g\000r\000a\000d\000a\000t\000i\000o\000n}{section.6}% 29
\BOOKMARK [1][-]{section.7}{\376\377\000S\000p\000o\000t\000i\000f\000y\000\040\000W\000e\000b\000\040\000A\000P\000I\000\040\000I\000n\000t\000e\000g\000r\000a\000t\000i\000o\000n}{}% 30
\BOOKMARK [2][-]{subsection.7.1}{\376\377\000A\000u\000t\000h\000e\000n\000t\000i\000c\000a\000t\000i\000o\000n}{section.7}% 31
\BOOKMARK [2][-]{subsection.7.2}{\376\377\000R\000e\000t\000r\000i\000e\000v\000a\000l\000\040\000M\000o\000d\000e\000s}{section.7}% 32
\BOOKMARK [3][-]{subsubsection.7.2.1}{\376\377\000P\000l\000a\000y\000l\000i\000s\000t\000\040\000U\000R\000L\000/\000I\000D}{subsection.7.2}% 33
\BOOKMARK [3][-]{subsubsection.7.2.2}{\376\377\000S\000e\000a\000r\000c\000h\000\040\000T\000r\000a\000c\000k\000s}{subsection.7.2}% 34
\BOOKMARK [3][-]{subsubsection.7.2.3}{\376\377\000A\000r\000t\000i\000s\000t\000\040\000D\000i\000s\000c\000o\000g\000r\000a\000p\000h\000y}{subsection.7.2}% 35
\BOOKMARK [2][-]{subsection.7.3}{\376\377\000A\000P\000I\000\040\000D\000a\000t\000a\000\040\000P\000i\000p\000e\000l\000i\000n\000e}{section.7}% 36
\BOOKMARK [2][-]{subsection.7.4}{\376\377\000U\000R\000L\000\040\000P\000a\000r\000s\000i\000n\000g}{section.7}% 37
\BOOKMARK [2][-]{subsection.7.5}{\376\377\000C\000a\000c\000h\000i\000n\000g\000\040\000a\000n\000d\000\040\000R\000a\000t\000e\000\040\000L\000i\000m\000i\000t\000s}{section.7}% 38
\BOOKMARK [2][-]{subsection.7.6}{\376\377\000S\000e\000c\000u\000r\000i\000t\000y\000\040\000C\000o\000n\000s\000i\000d\000e\000r\000a\000t\000i\000o\000n\000s}{section.7}% 39
\BOOKMARK [1][-]{section.8}{\376\377\000K\000e\000y\000\040\000C\000o\000d\000e\000\040\000D\000e\000s\000i\000g\000n}{}% 40
\BOOKMARK [2][-]{subsection.8.1}{\376\377\000D\000a\000t\000a\000\040\000L\000o\000a\000d\000i\000n\000g\000\040\000a\000n\000d\000\040\000C\000a\000c\000h\000i\000n\000g}{section.8}% 41
\BOOKMARK [2][-]{subsection.8.2}{\376\377\000F\000i\000l\000t\000e\000r\000i\000n\000g\000\040\000P\000i\000p\000e\000l\000i\000n\000e}{section.8}% 42
\BOOKMARK [2][-]{subsection.8.3}{\376\377\000C\000o\000r\000r\000e\000l\000a\000t\000i\000o\000n\000\040\000A\000n\000a\000l\000y\000s\000i\000s}{section.8}% 43
\BOOKMARK [2][-]{subsection.8.4}{\376\377\000R\000a\000d\000a\000r\000\040\000C\000h\000a\000r\000t\000\040\000C\000o\000n\000s\000t\000r\000u\000c\000t\000i\000o\000n}{section.8}% 44
\BOOKMARK [1][-]{section.9}{\376\377\000D\000e\000p\000l\000o\000y\000m\000e\000n\000t\000\040\000a\000n\000d\000\040\000E\000x\000e\000c\000u\000t\000i\000o\000n}{}% 45
\BOOKMARK [2][-]{subsection.9.1}{\376\377\000P\000r\000e\000r\000e\000q\000u\000i\000s\000i\000t\000e\000s}{section.9}% 46
\BOOKMARK [2][-]{subsection.9.2}{\376\377\000I\000n\000s\000t\000a\000l\000l\000a\000t\000i\000o\000n}{section.9}% 47
\BOOKMARK [2][-]{subsection.9.3}{\376\377\000D\000a\000t\000a\000\040\000G\000e\000n\000e\000r\000a\000t\000i\000o\000n}{section.9}% 48
\BOOKMARK [2][-]{subsection.9.4}{\376\377\000R\000u\000n\000n\000i\000n\000g\000\040\000t\000h\000e\000\040\000D\000a\000s\000h\000b\000o\000a\000r\000d}{section.9}% 49
\BOOKMARK [1][-]{section.10}{\376\377\000D\000e\000s\000i\000g\000n\000\040\000D\000e\000c\000i\000s\000i\000o\000n\000s\000\040\000a\000n\000d\000\040\000T\000r\000a\000d\000e\000-\000o\000f\000f\000s}{}% 50
\BOOKMARK [1][-]{section.11}{\376\377\000F\000u\000t\000u\000r\000e\000\040\000E\000n\000h\000a\000n\000c\000e\000m\000e\000n\000t\000s}{}% 51
